[0.439s] DEBUG:colcon:Command line arguments: ['/usr/bin/colcon', 'build', '--symlink-install']
[0.439s] DEBUG:colcon:Parsed command line arguments: Namespace(log_base=None, log_level=None, verb_name='build', build_base='build', install_base='install', merge_install=False, symlink_install=True, test_result_base=None, continue_on_error=False, executor='parallel', parallel_workers=16, event_handlers=None, ignore_user_meta=False, metas=['./colcon.meta'], base_paths=['.'], packages_ignore=None, packages_ignore_regex=None, paths=None, packages_up_to=None, packages_up_to_regex=None, packages_above=None, packages_above_and_dependencies=None, packages_above_depth=None, packages_select_by_dep=None, packages_skip_by_dep=None, packages_skip_up_to=None, packages_select_build_failed=False, packages_skip_build_finished=False, packages_select_test_failures=False, packages_skip_test_passed=False, packages_select=None, packages_skip=None, packages_select_regex=None, packages_skip_regex=None, packages_start=None, packages_end=None, allow_overriding=[], cmake_args=None, cmake_target=None, cmake_target_skip_unavailable=False, cmake_clean_cache=False, cmake_clean_first=False, cmake_force_configure=False, ament_cmake_args=None, catkin_cmake_args=None, catkin_skip_building_tests=False, mixin_files=None, mixin=None, verb_parser=<colcon_mixin.mixin.mixin_argument.MixinArgumentDecorator object at 0x7f4c9c2e84f0>, verb_extension=<colcon_core.verb.build.BuildVerb object at 0x7f4c9c271e70>, main=<bound method BuildVerb.main of <colcon_core.verb.build.BuildVerb object at 0x7f4c9c271e70>>, mixin_verb=('build',))
[0.820s] Level 1:colcon.colcon_core.package_discovery:discover_packages(colcon_meta) check parameters
[0.821s] Level 1:colcon.colcon_core.package_discovery:discover_packages(recursive) check parameters
[0.821s] Level 1:colcon.colcon_core.package_discovery:discover_packages(ignore) check parameters
[0.821s] Level 1:colcon.colcon_core.package_discovery:discover_packages(path) check parameters
[0.821s] Level 1:colcon.colcon_core.package_discovery:discover_packages(colcon_meta) discover
[0.821s] Level 1:colcon.colcon_core.package_discovery:discover_packages(recursive) discover
[0.822s] INFO:colcon.colcon_core.package_discovery:Crawling recursively for packages in '/home/cande/turtlebot3_ws/src/turtlebot3_slam_mapper'
[0.822s] Level 1:colcon.colcon_core.package_identification:_identify(.) by extensions ['ignore', 'ignore_ament_install']
[0.822s] Level 1:colcon.colcon_core.package_identification:_identify(.) by extension 'ignore'
[0.823s] Level 1:colcon.colcon_core.package_identification:_identify(.) by extension 'ignore_ament_install'
[0.823s] Level 1:colcon.colcon_core.package_identification:_identify(.) by extensions ['colcon_pkg']
[0.823s] Level 1:colcon.colcon_core.package_identification:_identify(.) by extension 'colcon_pkg'
[0.823s] Level 1:colcon.colcon_core.package_identification:_identify(.) by extensions ['colcon_meta']
[0.823s] Level 1:colcon.colcon_core.package_identification:_identify(.) by extension 'colcon_meta'
[0.823s] Level 1:colcon.colcon_core.package_identification:_identify(.) by extensions ['ros']
[0.823s] Level 1:colcon.colcon_core.package_identification:_identify(.) by extension 'ros'
[0.854s] DEBUG:colcon.colcon_core.package_identification:Package '.' with type 'ros.ament_python' and name 'turtlebot3_slam_mapper'
[0.855s] Level 1:colcon.colcon_core.package_discovery:discover_packages(recursive) using defaults
[0.855s] Level 1:colcon.colcon_core.package_discovery:discover_packages(ignore) discover
[0.855s] Level 1:colcon.colcon_core.package_discovery:discover_packages(ignore) using defaults
[0.855s] Level 1:colcon.colcon_core.package_discovery:discover_packages(path) discover
[0.855s] Level 1:colcon.colcon_core.package_discovery:discover_packages(path) using defaults
[0.939s] Level 1:colcon.colcon_core.package_discovery:discover_packages(prefix_path) check parameters
[0.939s] Level 1:colcon.colcon_core.package_discovery:discover_packages(prefix_path) discover
[0.946s] DEBUG:colcon.colcon_installed_package_information.package_discovery:Found 17 installed packages in /home/cande/turtlebot3_ws/install
[0.951s] DEBUG:colcon.colcon_installed_package_information.package_discovery:Found 387 installed packages in /opt/ros/humble
[0.960s] Level 1:colcon.colcon_core.package_discovery:discover_packages(prefix_path) using defaults
[1.097s] Level 5:colcon.colcon_core.verb:set package 'turtlebot3_slam_mapper' build argument 'cmake_args' from command line to 'None'
[1.097s] Level 5:colcon.colcon_core.verb:set package 'turtlebot3_slam_mapper' build argument 'cmake_target' from command line to 'None'
[1.098s] Level 5:colcon.colcon_core.verb:set package 'turtlebot3_slam_mapper' build argument 'cmake_target_skip_unavailable' from command line to 'False'
[1.098s] Level 5:colcon.colcon_core.verb:set package 'turtlebot3_slam_mapper' build argument 'cmake_clean_cache' from command line to 'False'
[1.098s] Level 5:colcon.colcon_core.verb:set package 'turtlebot3_slam_mapper' build argument 'cmake_clean_first' from command line to 'False'
[1.098s] Level 5:colcon.colcon_core.verb:set package 'turtlebot3_slam_mapper' build argument 'cmake_force_configure' from command line to 'False'
[1.098s] Level 5:colcon.colcon_core.verb:set package 'turtlebot3_slam_mapper' build argument 'ament_cmake_args' from command line to 'None'
[1.098s] Level 5:colcon.colcon_core.verb:set package 'turtlebot3_slam_mapper' build argument 'catkin_cmake_args' from command line to 'None'
[1.098s] Level 5:colcon.colcon_core.verb:set package 'turtlebot3_slam_mapper' build argument 'catkin_skip_building_tests' from command line to 'False'
[1.098s] DEBUG:colcon.colcon_core.verb:Building package 'turtlebot3_slam_mapper' with the following arguments: {'ament_cmake_args': None, 'build_base': '/home/cande/turtlebot3_ws/src/turtlebot3_slam_mapper/build/turtlebot3_slam_mapper', 'catkin_cmake_args': None, 'catkin_skip_building_tests': False, 'cmake_args': None, 'cmake_clean_cache': False, 'cmake_clean_first': False, 'cmake_force_configure': False, 'cmake_target': None, 'cmake_target_skip_unavailable': False, 'install_base': '/home/cande/turtlebot3_ws/src/turtlebot3_slam_mapper/install/turtlebot3_slam_mapper', 'merge_install': False, 'path': '/home/cande/turtlebot3_ws/src/turtlebot3_slam_mapper', 'symlink_install': True, 'test_result_base': None}
[1.098s] INFO:colcon.colcon_core.executor:Executing jobs using 'parallel' executor
[1.101s] DEBUG:colcon.colcon_parallel_executor.executor.parallel:run_until_complete
[1.102s] INFO:colcon.colcon_ros.task.ament_python.build:Building ROS package in '/home/cande/turtlebot3_ws/src/turtlebot3_slam_mapper' with build type 'ament_python'
[1.103s] Level 1:colcon.colcon_core.shell:create_environment_hook('turtlebot3_slam_mapper', 'ament_prefix_path')
[1.111s] INFO:colcon.colcon_core.plugin_system:Skipping extension 'colcon_core.shell.bat': Not used on non-Windows systems
[1.111s] INFO:colcon.colcon_core.shell:Creating environment hook '/home/cande/turtlebot3_ws/src/turtlebot3_slam_mapper/install/turtlebot3_slam_mapper/share/turtlebot3_slam_mapper/hook/ament_prefix_path.ps1'
[1.113s] INFO:colcon.colcon_core.shell:Creating environment descriptor '/home/cande/turtlebot3_ws/src/turtlebot3_slam_mapper/install/turtlebot3_slam_mapper/share/turtlebot3_slam_mapper/hook/ament_prefix_path.dsv'
[1.114s] INFO:colcon.colcon_core.shell:Creating environment hook '/home/cande/turtlebot3_ws/src/turtlebot3_slam_mapper/install/turtlebot3_slam_mapper/share/turtlebot3_slam_mapper/hook/ament_prefix_path.sh'
[1.116s] INFO:colcon.colcon_core.shell:Skip shell extension 'powershell' for command environment: Not usable outside of PowerShell
[1.116s] DEBUG:colcon.colcon_core.shell:Skip shell extension 'dsv' for command environment
[1.761s] INFO:colcon.colcon_core.task.python.build:Building Python package in '/home/cande/turtlebot3_ws/src/turtlebot3_slam_mapper'
[1.762s] INFO:colcon.colcon_core.shell:Skip shell extension 'powershell' for command environment: Not usable outside of PowerShell
[1.762s] DEBUG:colcon.colcon_core.shell:Skip shell extension 'dsv' for command environment
[2.543s] DEBUG:colcon.colcon_core.event_handler.log_command:Invoking command in '/home/cande/turtlebot3_ws/src/turtlebot3_slam_mapper/build/turtlebot3_slam_mapper': PYTHONPATH=/home/cande/turtlebot3_ws/src/turtlebot3_slam_mapper/build/turtlebot3_slam_mapper/prefix_override:/usr/lib/python3/dist-packages/colcon_core/task/python/colcon_distutils_commands:/home/cande/turtlebot3_ws/src/turtlebot3_slam_mapper/install/turtlebot3_slam_mapper/lib/python3.10/site-packages:${PYTHONPATH} /usr/bin/python3 -W ignore:setup.py install is deprecated -W ignore:easy_install command is deprecated setup.py develop --editable --build-directory /home/cande/turtlebot3_ws/src/turtlebot3_slam_mapper/build/turtlebot3_slam_mapper/build --no-deps symlink_data
[3.522s] Level 1:colcon.colcon_core.shell:create_environment_hook('turtlebot3_slam_mapper', 'pythonpath_develop')
[3.522s] INFO:colcon.colcon_core.shell:Creating environment hook '/home/cande/turtlebot3_ws/src/turtlebot3_slam_mapper/build/turtlebot3_slam_mapper/share/turtlebot3_slam_mapper/hook/pythonpath_develop.ps1'
[3.524s] DEBUG:colcon.colcon_core.event_handler.log_command:Invoked command in '/home/cande/turtlebot3_ws/src/turtlebot3_slam_mapper/build/turtlebot3_slam_mapper' returned '0': PYTHONPATH=/home/cande/turtlebot3_ws/src/turtlebot3_slam_mapper/build/turtlebot3_slam_mapper/prefix_override:/usr/lib/python3/dist-packages/colcon_core/task/python/colcon_distutils_commands:/home/cande/turtlebot3_ws/src/turtlebot3_slam_mapper/install/turtlebot3_slam_mapper/lib/python3.10/site-packages:${PYTHONPATH} /usr/bin/python3 -W ignore:setup.py install is deprecated -W ignore:easy_install command is deprecated setup.py develop --editable --build-directory /home/cande/turtlebot3_ws/src/turtlebot3_slam_mapper/build/turtlebot3_slam_mapper/build --no-deps symlink_data
[3.526s] INFO:colcon.colcon_core.shell:Creating environment descriptor '/home/cande/turtlebot3_ws/src/turtlebot3_slam_mapper/build/turtlebot3_slam_mapper/share/turtlebot3_slam_mapper/hook/pythonpath_develop.dsv'
[3.527s] INFO:colcon.colcon_core.shell:Creating environment hook '/home/cande/turtlebot3_ws/src/turtlebot3_slam_mapper/build/turtlebot3_slam_mapper/share/turtlebot3_slam_mapper/hook/pythonpath_develop.sh'
[3.536s] Level 1:colcon.colcon_core.environment:checking '/home/cande/turtlebot3_ws/src/turtlebot3_slam_mapper/install/turtlebot3_slam_mapper' for CMake module files
[3.537s] Level 1:colcon.colcon_core.environment:checking '/home/cande/turtlebot3_ws/src/turtlebot3_slam_mapper/install/turtlebot3_slam_mapper' for CMake config files
[3.539s] Level 1:colcon.colcon_core.environment:checking '/home/cande/turtlebot3_ws/src/turtlebot3_slam_mapper/install/turtlebot3_slam_mapper/lib'
[3.540s] Level 1:colcon.colcon_core.environment:checking '/home/cande/turtlebot3_ws/src/turtlebot3_slam_mapper/install/turtlebot3_slam_mapper/bin'
[3.540s] Level 1:colcon.colcon_core.environment:checking '/home/cande/turtlebot3_ws/src/turtlebot3_slam_mapper/install/turtlebot3_slam_mapper/lib/pkgconfig/turtlebot3_slam_mapper.pc'
[3.541s] Level 1:colcon.colcon_core.environment:checking '/home/cande/turtlebot3_ws/src/turtlebot3_slam_mapper/install/turtlebot3_slam_mapper/lib/python3.10/site-packages'
[3.541s] Level 1:colcon.colcon_core.shell:create_environment_hook('turtlebot3_slam_mapper', 'pythonpath')
[3.542s] INFO:colcon.colcon_core.shell:Creating environment hook '/home/cande/turtlebot3_ws/src/turtlebot3_slam_mapper/install/turtlebot3_slam_mapper/share/turtlebot3_slam_mapper/hook/pythonpath.ps1'
[3.543s] INFO:colcon.colcon_core.shell:Creating environment descriptor '/home/cande/turtlebot3_ws/src/turtlebot3_slam_mapper/install/turtlebot3_slam_mapper/share/turtlebot3_slam_mapper/hook/pythonpath.dsv'
[3.544s] INFO:colcon.colcon_core.shell:Creating environment hook '/home/cande/turtlebot3_ws/src/turtlebot3_slam_mapper/install/turtlebot3_slam_mapper/share/turtlebot3_slam_mapper/hook/pythonpath.sh'
[3.546s] Level 1:colcon.colcon_core.environment:checking '/home/cande/turtlebot3_ws/src/turtlebot3_slam_mapper/install/turtlebot3_slam_mapper/bin'
[3.546s] Level 1:colcon.colcon_core.environment:create_environment_scripts_only(turtlebot3_slam_mapper)
[3.547s] INFO:colcon.colcon_core.shell:Creating package script '/home/cande/turtlebot3_ws/src/turtlebot3_slam_mapper/install/turtlebot3_slam_mapper/share/turtlebot3_slam_mapper/package.ps1'
[3.549s] INFO:colcon.colcon_core.shell:Creating package descriptor '/home/cande/turtlebot3_ws/src/turtlebot3_slam_mapper/install/turtlebot3_slam_mapper/share/turtlebot3_slam_mapper/package.dsv'
[3.551s] INFO:colcon.colcon_core.shell:Creating package script '/home/cande/turtlebot3_ws/src/turtlebot3_slam_mapper/install/turtlebot3_slam_mapper/share/turtlebot3_slam_mapper/package.sh'
[3.552s] INFO:colcon.colcon_core.shell:Creating package script '/home/cande/turtlebot3_ws/src/turtlebot3_slam_mapper/install/turtlebot3_slam_mapper/share/turtlebot3_slam_mapper/package.bash'
[3.554s] INFO:colcon.colcon_core.shell:Creating package script '/home/cande/turtlebot3_ws/src/turtlebot3_slam_mapper/install/turtlebot3_slam_mapper/share/turtlebot3_slam_mapper/package.zsh'
[3.556s] Level 1:colcon.colcon_core.environment:create_file_with_runtime_dependencies(/home/cande/turtlebot3_ws/src/turtlebot3_slam_mapper/install/turtlebot3_slam_mapper/share/colcon-core/packages/turtlebot3_slam_mapper)
[3.557s] DEBUG:colcon.colcon_parallel_executor.executor.parallel:closing loop
[3.559s] DEBUG:colcon.colcon_parallel_executor.executor.parallel:loop closed
[3.560s] DEBUG:colcon.colcon_parallel_executor.executor.parallel:run_until_complete finished with '0'
[3.560s] DEBUG:colcon.colcon_core.event_reactor:joining thread
[3.693s] INFO:colcon.colcon_core.plugin_system:Skipping extension 'colcon_notification.desktop_notification.notify_send': Could not find 'notify-send'
[3.694s] INFO:colcon.colcon_core.plugin_system:Skipping extension 'colcon_notification.desktop_notification.terminal_notifier': Not used on non-Darwin systems
[3.694s] INFO:colcon.colcon_core.plugin_system:Skipping extension 'colcon_notification.desktop_notification.win32': Not used on non-Windows systems
[3.694s] INFO:colcon.colcon_notification.desktop_notification:Sending desktop notification using 'notify2'
[3.694s] DEBUG:colcon.colcon_notification.desktop_notification.notify2:Failed to initialize notify2: org.freedesktop.DBus.Error.FileNotFound: Failed to connect to socket /run/user/1000/bus: No such file or directory
[3.695s] DEBUG:colcon.colcon_core.event_reactor:joined thread
[3.696s] INFO:colcon.colcon_core.shell:Creating prefix script '/home/cande/turtlebot3_ws/src/turtlebot3_slam_mapper/install/local_setup.ps1'
[3.697s] INFO:colcon.colcon_core.shell:Creating prefix util module '/home/cande/turtlebot3_ws/src/turtlebot3_slam_mapper/install/_local_setup_util_ps1.py'
[3.700s] INFO:colcon.colcon_core.shell:Creating prefix chain script '/home/cande/turtlebot3_ws/src/turtlebot3_slam_mapper/install/setup.ps1'
[3.703s] INFO:colcon.colcon_core.shell:Creating prefix script '/home/cande/turtlebot3_ws/src/turtlebot3_slam_mapper/install/local_setup.sh'
[3.704s] INFO:colcon.colcon_core.shell:Creating prefix util module '/home/cande/turtlebot3_ws/src/turtlebot3_slam_mapper/install/_local_setup_util_sh.py'
[3.706s] INFO:colcon.colcon_core.shell:Creating prefix chain script '/home/cande/turtlebot3_ws/src/turtlebot3_slam_mapper/install/setup.sh'
[3.709s] INFO:colcon.colcon_core.shell:Creating prefix script '/home/cande/turtlebot3_ws/src/turtlebot3_slam_mapper/install/local_setup.bash'
[3.711s] INFO:colcon.colcon_core.shell:Creating prefix chain script '/home/cande/turtlebot3_ws/src/turtlebot3_slam_mapper/install/setup.bash'
[3.714s] INFO:colcon.colcon_core.shell:Creating prefix script '/home/cande/turtlebot3_ws/src/turtlebot3_slam_mapper/install/local_setup.zsh'
[3.715s] INFO:colcon.colcon_core.shell:Creating prefix chain script '/home/cande/turtlebot3_ws/src/turtlebot3_slam_mapper/install/setup.zsh'
