[0.443s] DEBUG:colcon:Command line arguments: ['/usr/bin/colcon', 'build', '--symlink-install']
[0.444s] DEBUG:colcon:Parsed command line arguments: Namespace(log_base=None, log_level=None, verb_name='build', build_base='build', install_base='install', merge_install=False, symlink_install=True, test_result_base=None, continue_on_error=False, executor='parallel', parallel_workers=16, event_handlers=None, ignore_user_meta=False, metas=['./colcon.meta'], base_paths=['.'], packages_ignore=None, packages_ignore_regex=None, paths=None, packages_up_to=None, packages_up_to_regex=None, packages_above=None, packages_above_and_dependencies=None, packages_above_depth=None, packages_select_by_dep=None, packages_skip_by_dep=None, packages_skip_up_to=None, packages_select_build_failed=False, packages_skip_build_finished=False, packages_select_test_failures=False, packages_skip_test_passed=False, packages_select=None, packages_skip=None, packages_select_regex=None, packages_skip_regex=None, packages_start=None, packages_end=None, allow_overriding=[], cmake_args=None, cmake_target=None, cmake_target_skip_unavailable=False, cmake_clean_cache=False, cmake_clean_first=False, cmake_force_configure=False, ament_cmake_args=None, catkin_cmake_args=None, catkin_skip_building_tests=False, mixin_files=None, mixin=None, verb_parser=<colcon_mixin.mixin.mixin_argument.MixinArgumentDecorator object at 0x7f2ba0ea04f0>, verb_extension=<colcon_core.verb.build.BuildVerb object at 0x7f2ba0e29e70>, main=<bound method BuildVerb.main of <colcon_core.verb.build.BuildVerb object at 0x7f2ba0e29e70>>, mixin_verb=('build',))
[0.789s] Level 1:colcon.colcon_core.package_discovery:discover_packages(colcon_meta) check parameters
[0.790s] Level 1:colcon.colcon_core.package_discovery:discover_packages(recursive) check parameters
[0.790s] Level 1:colcon.colcon_core.package_discovery:discover_packages(ignore) check parameters
[0.790s] Level 1:colcon.colcon_core.package_discovery:discover_packages(path) check parameters
[0.790s] Level 1:colcon.colcon_core.package_discovery:discover_packages(colcon_meta) discover
[0.790s] Level 1:colcon.colcon_core.package_discovery:discover_packages(recursive) discover
[0.790s] INFO:colcon.colcon_core.package_discovery:Crawling recursively for packages in '/home/cande/turtlebot3_ws/src/turtlebot3_slam_mapper'
[0.790s] Level 1:colcon.colcon_core.package_identification:_identify(.) by extensions ['ignore', 'ignore_ament_install']
[0.791s] Level 1:colcon.colcon_core.package_identification:_identify(.) by extension 'ignore'
[0.791s] Level 1:colcon.colcon_core.package_identification:_identify(.) by extension 'ignore_ament_install'
[0.791s] Level 1:colcon.colcon_core.package_identification:_identify(.) by extensions ['colcon_pkg']
[0.791s] Level 1:colcon.colcon_core.package_identification:_identify(.) by extension 'colcon_pkg'
[0.791s] Level 1:colcon.colcon_core.package_identification:_identify(.) by extensions ['colcon_meta']
[0.791s] Level 1:colcon.colcon_core.package_identification:_identify(.) by extension 'colcon_meta'
[0.791s] Level 1:colcon.colcon_core.package_identification:_identify(.) by extensions ['ros']
[0.791s] Level 1:colcon.colcon_core.package_identification:_identify(.) by extension 'ros'
[0.815s] DEBUG:colcon.colcon_core.package_identification:Package '.' with type 'ros.ament_python' and name 'turtlebot3_slam_mapper'
[0.815s] Level 1:colcon.colcon_core.package_discovery:discover_packages(recursive) using defaults
[0.816s] Level 1:colcon.colcon_core.package_discovery:discover_packages(ignore) discover
[0.816s] Level 1:colcon.colcon_core.package_discovery:discover_packages(ignore) using defaults
[0.816s] Level 1:colcon.colcon_core.package_discovery:discover_packages(path) discover
[0.816s] Level 1:colcon.colcon_core.package_discovery:discover_packages(path) using defaults
[0.865s] Level 1:colcon.colcon_core.package_discovery:discover_packages(prefix_path) check parameters
[0.865s] Level 1:colcon.colcon_core.package_discovery:discover_packages(prefix_path) discover
[0.870s] DEBUG:colcon.colcon_installed_package_information.package_discovery:Found 17 installed packages in /home/cande/turtlebot3_ws/install
[0.873s] DEBUG:colcon.colcon_installed_package_information.package_discovery:Found 387 installed packages in /opt/ros/humble
[0.879s] Level 1:colcon.colcon_core.package_discovery:discover_packages(prefix_path) using defaults
[0.987s] Level 5:colcon.colcon_core.verb:set package 'turtlebot3_slam_mapper' build argument 'cmake_args' from command line to 'None'
[0.987s] Level 5:colcon.colcon_core.verb:set package 'turtlebot3_slam_mapper' build argument 'cmake_target' from command line to 'None'
[0.987s] Level 5:colcon.colcon_core.verb:set package 'turtlebot3_slam_mapper' build argument 'cmake_target_skip_unavailable' from command line to 'False'
[0.987s] Level 5:colcon.colcon_core.verb:set package 'turtlebot3_slam_mapper' build argument 'cmake_clean_cache' from command line to 'False'
[0.988s] Level 5:colcon.colcon_core.verb:set package 'turtlebot3_slam_mapper' build argument 'cmake_clean_first' from command line to 'False'
[0.988s] Level 5:colcon.colcon_core.verb:set package 'turtlebot3_slam_mapper' build argument 'cmake_force_configure' from command line to 'False'
[0.988s] Level 5:colcon.colcon_core.verb:set package 'turtlebot3_slam_mapper' build argument 'ament_cmake_args' from command line to 'None'
[0.988s] Level 5:colcon.colcon_core.verb:set package 'turtlebot3_slam_mapper' build argument 'catkin_cmake_args' from command line to 'None'
[0.988s] Level 5:colcon.colcon_core.verb:set package 'turtlebot3_slam_mapper' build argument 'catkin_skip_building_tests' from command line to 'False'
[0.988s] DEBUG:colcon.colcon_core.verb:Building package 'turtlebot3_slam_mapper' with the following arguments: {'ament_cmake_args': None, 'build_base': '/home/cande/turtlebot3_ws/src/turtlebot3_slam_mapper/build/turtlebot3_slam_mapper', 'catkin_cmake_args': None, 'catkin_skip_building_tests': False, 'cmake_args': None, 'cmake_clean_cache': False, 'cmake_clean_first': False, 'cmake_force_configure': False, 'cmake_target': None, 'cmake_target_skip_unavailable': False, 'install_base': '/home/cande/turtlebot3_ws/src/turtlebot3_slam_mapper/install/turtlebot3_slam_mapper', 'merge_install': False, 'path': '/home/cande/turtlebot3_ws/src/turtlebot3_slam_mapper', 'symlink_install': True, 'test_result_base': None}
[0.988s] INFO:colcon.colcon_core.executor:Executing jobs using 'parallel' executor
[0.990s] DEBUG:colcon.colcon_parallel_executor.executor.parallel:run_until_complete
[0.991s] INFO:colcon.colcon_ros.task.ament_python.build:Building ROS package in '/home/cande/turtlebot3_ws/src/turtlebot3_slam_mapper' with build type 'ament_python'
[0.992s] Level 1:colcon.colcon_core.shell:create_environment_hook('turtlebot3_slam_mapper', 'ament_prefix_path')
[0.996s] INFO:colcon.colcon_core.plugin_system:Skipping extension 'colcon_core.shell.bat': Not used on non-Windows systems
[0.997s] INFO:colcon.colcon_core.shell:Creating environment hook '/home/cande/turtlebot3_ws/src/turtlebot3_slam_mapper/install/turtlebot3_slam_mapper/share/turtlebot3_slam_mapper/hook/ament_prefix_path.ps1'
[0.998s] INFO:colcon.colcon_core.shell:Creating environment descriptor '/home/cande/turtlebot3_ws/src/turtlebot3_slam_mapper/install/turtlebot3_slam_mapper/share/turtlebot3_slam_mapper/hook/ament_prefix_path.dsv'
[1.000s] INFO:colcon.colcon_core.shell:Creating environment hook '/home/cande/turtlebot3_ws/src/turtlebot3_slam_mapper/install/turtlebot3_slam_mapper/share/turtlebot3_slam_mapper/hook/ament_prefix_path.sh'
[1.002s] INFO:colcon.colcon_core.shell:Skip shell extension 'powershell' for command environment: Not usable outside of PowerShell
[1.003s] DEBUG:colcon.colcon_core.shell:Skip shell extension 'dsv' for command environment
[1.593s] INFO:colcon.colcon_core.task.python.build:Building Python package in '/home/cande/turtlebot3_ws/src/turtlebot3_slam_mapper'
[1.594s] INFO:colcon.colcon_core.shell:Skip shell extension 'powershell' for command environment: Not usable outside of PowerShell
[1.594s] DEBUG:colcon.colcon_core.shell:Skip shell extension 'dsv' for command environment
[3.108s] DEBUG:colcon.colcon_core.event_handler.log_command:Invoking command in '/home/cande/turtlebot3_ws/src/turtlebot3_slam_mapper/build/turtlebot3_slam_mapper': PYTHONPATH=/home/cande/turtlebot3_ws/src/turtlebot3_slam_mapper/build/turtlebot3_slam_mapper/prefix_override:/usr/lib/python3/dist-packages/colcon_core/task/python/colcon_distutils_commands:/home/cande/turtlebot3_ws/src/turtlebot3_slam_mapper/install/turtlebot3_slam_mapper/lib/python3.10/site-packages:${PYTHONPATH} /usr/bin/python3 -W ignore:setup.py install is deprecated -W ignore:easy_install command is deprecated setup.py develop --editable --build-directory /home/cande/turtlebot3_ws/src/turtlebot3_slam_mapper/build/turtlebot3_slam_mapper/build --no-deps symlink_data
[4.097s] Level 1:colcon.colcon_core.shell:create_environment_hook('turtlebot3_slam_mapper', 'pythonpath_develop')
[4.098s] INFO:colcon.colcon_core.shell:Creating environment hook '/home/cande/turtlebot3_ws/src/turtlebot3_slam_mapper/build/turtlebot3_slam_mapper/share/turtlebot3_slam_mapper/hook/pythonpath_develop.ps1'
[4.099s] DEBUG:colcon.colcon_core.event_handler.log_command:Invoked command in '/home/cande/turtlebot3_ws/src/turtlebot3_slam_mapper/build/turtlebot3_slam_mapper' returned '0': PYTHONPATH=/home/cande/turtlebot3_ws/src/turtlebot3_slam_mapper/build/turtlebot3_slam_mapper/prefix_override:/usr/lib/python3/dist-packages/colcon_core/task/python/colcon_distutils_commands:/home/cande/turtlebot3_ws/src/turtlebot3_slam_mapper/install/turtlebot3_slam_mapper/lib/python3.10/site-packages:${PYTHONPATH} /usr/bin/python3 -W ignore:setup.py install is deprecated -W ignore:easy_install command is deprecated setup.py develop --editable --build-directory /home/cande/turtlebot3_ws/src/turtlebot3_slam_mapper/build/turtlebot3_slam_mapper/build --no-deps symlink_data
[4.100s] INFO:colcon.colcon_core.shell:Creating environment descriptor '/home/cande/turtlebot3_ws/src/turtlebot3_slam_mapper/build/turtlebot3_slam_mapper/share/turtlebot3_slam_mapper/hook/pythonpath_develop.dsv'
[4.101s] INFO:colcon.colcon_core.shell:Creating environment hook '/home/cande/turtlebot3_ws/src/turtlebot3_slam_mapper/build/turtlebot3_slam_mapper/share/turtlebot3_slam_mapper/hook/pythonpath_develop.sh'
[4.106s] Level 1:colcon.colcon_core.environment:checking '/home/cande/turtlebot3_ws/src/turtlebot3_slam_mapper/install/turtlebot3_slam_mapper' for CMake module files
[4.106s] Level 1:colcon.colcon_core.environment:checking '/home/cande/turtlebot3_ws/src/turtlebot3_slam_mapper/install/turtlebot3_slam_mapper' for CMake config files
[4.107s] Level 1:colcon.colcon_core.environment:checking '/home/cande/turtlebot3_ws/src/turtlebot3_slam_mapper/install/turtlebot3_slam_mapper/lib'
[4.108s] Level 1:colcon.colcon_core.environment:checking '/home/cande/turtlebot3_ws/src/turtlebot3_slam_mapper/install/turtlebot3_slam_mapper/bin'
[4.108s] Level 1:colcon.colcon_core.environment:checking '/home/cande/turtlebot3_ws/src/turtlebot3_slam_mapper/install/turtlebot3_slam_mapper/lib/pkgconfig/turtlebot3_slam_mapper.pc'
[4.109s] Level 1:colcon.colcon_core.environment:checking '/home/cande/turtlebot3_ws/src/turtlebot3_slam_mapper/install/turtlebot3_slam_mapper/lib/python3.10/site-packages'
[4.109s] Level 1:colcon.colcon_core.shell:create_environment_hook('turtlebot3_slam_mapper', 'pythonpath')
[4.109s] INFO:colcon.colcon_core.shell:Creating environment hook '/home/cande/turtlebot3_ws/src/turtlebot3_slam_mapper/install/turtlebot3_slam_mapper/share/turtlebot3_slam_mapper/hook/pythonpath.ps1'
[4.110s] INFO:colcon.colcon_core.shell:Creating environment descriptor '/home/cande/turtlebot3_ws/src/turtlebot3_slam_mapper/install/turtlebot3_slam_mapper/share/turtlebot3_slam_mapper/hook/pythonpath.dsv'
[4.111s] INFO:colcon.colcon_core.shell:Creating environment hook '/home/cande/turtlebot3_ws/src/turtlebot3_slam_mapper/install/turtlebot3_slam_mapper/share/turtlebot3_slam_mapper/hook/pythonpath.sh'
[4.112s] Level 1:colcon.colcon_core.environment:checking '/home/cande/turtlebot3_ws/src/turtlebot3_slam_mapper/install/turtlebot3_slam_mapper/bin'
[4.112s] Level 1:colcon.colcon_core.environment:create_environment_scripts_only(turtlebot3_slam_mapper)
[4.113s] INFO:colcon.colcon_core.shell:Creating package script '/home/cande/turtlebot3_ws/src/turtlebot3_slam_mapper/install/turtlebot3_slam_mapper/share/turtlebot3_slam_mapper/package.ps1'
[4.115s] INFO:colcon.colcon_core.shell:Creating package descriptor '/home/cande/turtlebot3_ws/src/turtlebot3_slam_mapper/install/turtlebot3_slam_mapper/share/turtlebot3_slam_mapper/package.dsv'
[4.116s] INFO:colcon.colcon_core.shell:Creating package script '/home/cande/turtlebot3_ws/src/turtlebot3_slam_mapper/install/turtlebot3_slam_mapper/share/turtlebot3_slam_mapper/package.sh'
[4.117s] INFO:colcon.colcon_core.shell:Creating package script '/home/cande/turtlebot3_ws/src/turtlebot3_slam_mapper/install/turtlebot3_slam_mapper/share/turtlebot3_slam_mapper/package.bash'
[4.119s] INFO:colcon.colcon_core.shell:Creating package script '/home/cande/turtlebot3_ws/src/turtlebot3_slam_mapper/install/turtlebot3_slam_mapper/share/turtlebot3_slam_mapper/package.zsh'
[4.121s] Level 1:colcon.colcon_core.environment:create_file_with_runtime_dependencies(/home/cande/turtlebot3_ws/src/turtlebot3_slam_mapper/install/turtlebot3_slam_mapper/share/colcon-core/packages/turtlebot3_slam_mapper)
[4.122s] DEBUG:colcon.colcon_parallel_executor.executor.parallel:closing loop
[4.123s] DEBUG:colcon.colcon_parallel_executor.executor.parallel:loop closed
[4.124s] DEBUG:colcon.colcon_parallel_executor.executor.parallel:run_until_complete finished with '0'
[4.124s] DEBUG:colcon.colcon_core.event_reactor:joining thread
[4.259s] INFO:colcon.colcon_core.plugin_system:Skipping extension 'colcon_notification.desktop_notification.notify_send': Could not find 'notify-send'
[4.259s] INFO:colcon.colcon_core.plugin_system:Skipping extension 'colcon_notification.desktop_notification.terminal_notifier': Not used on non-Darwin systems
[4.260s] INFO:colcon.colcon_core.plugin_system:Skipping extension 'colcon_notification.desktop_notification.win32': Not used on non-Windows systems
[4.260s] INFO:colcon.colcon_notification.desktop_notification:Sending desktop notification using 'notify2'
[4.260s] DEBUG:colcon.colcon_notification.desktop_notification.notify2:Failed to initialize notify2: org.freedesktop.DBus.Error.FileNotFound: Failed to connect to socket /run/user/1000/bus: No such file or directory
[4.260s] DEBUG:colcon.colcon_core.event_reactor:joined thread
[4.261s] INFO:colcon.colcon_core.shell:Creating prefix script '/home/cande/turtlebot3_ws/src/turtlebot3_slam_mapper/install/local_setup.ps1'
[4.263s] INFO:colcon.colcon_core.shell:Creating prefix util module '/home/cande/turtlebot3_ws/src/turtlebot3_slam_mapper/install/_local_setup_util_ps1.py'
[4.266s] INFO:colcon.colcon_core.shell:Creating prefix chain script '/home/cande/turtlebot3_ws/src/turtlebot3_slam_mapper/install/setup.ps1'
[4.269s] INFO:colcon.colcon_core.shell:Creating prefix script '/home/cande/turtlebot3_ws/src/turtlebot3_slam_mapper/install/local_setup.sh'
[4.271s] INFO:colcon.colcon_core.shell:Creating prefix util module '/home/cande/turtlebot3_ws/src/turtlebot3_slam_mapper/install/_local_setup_util_sh.py'
[4.272s] INFO:colcon.colcon_core.shell:Creating prefix chain script '/home/cande/turtlebot3_ws/src/turtlebot3_slam_mapper/install/setup.sh'
[4.276s] INFO:colcon.colcon_core.shell:Creating prefix script '/home/cande/turtlebot3_ws/src/turtlebot3_slam_mapper/install/local_setup.bash'
[4.277s] INFO:colcon.colcon_core.shell:Creating prefix chain script '/home/cande/turtlebot3_ws/src/turtlebot3_slam_mapper/install/setup.bash'
[4.282s] INFO:colcon.colcon_core.shell:Creating prefix script '/home/cande/turtlebot3_ws/src/turtlebot3_slam_mapper/install/local_setup.zsh'
[4.283s] INFO:colcon.colcon_core.shell:Creating prefix chain script '/home/cande/turtlebot3_ws/src/turtlebot3_slam_mapper/install/setup.zsh'
