[0.229s] DEBUG:colcon:Command line arguments: ['/usr/bin/colcon', 'build', '--symlink-install']
[0.229s] DEBUG:colcon:Parsed command line arguments: Namespace(log_base=None, log_level=None, verb_name='build', build_base='build', install_base='install', merge_install=False, symlink_install=True, test_result_base=None, continue_on_error=False, executor='parallel', parallel_workers=16, event_handlers=None, ignore_user_meta=False, metas=['./colcon.meta'], base_paths=['.'], packages_ignore=None, packages_ignore_regex=None, paths=None, packages_up_to=None, packages_up_to_regex=None, packages_above=None, packages_above_and_dependencies=None, packages_above_depth=None, packages_select_by_dep=None, packages_skip_by_dep=None, packages_skip_up_to=None, packages_select_build_failed=False, packages_skip_build_finished=False, packages_select_test_failures=False, packages_skip_test_passed=False, packages_select=None, packages_skip=None, packages_select_regex=None, packages_skip_regex=None, packages_start=None, packages_end=None, allow_overriding=[], cmake_args=None, cmake_target=None, cmake_target_skip_unavailable=False, cmake_clean_cache=False, cmake_clean_first=False, cmake_force_configure=False, ament_cmake_args=None, catkin_cmake_args=None, catkin_skip_building_tests=False, mixin_files=None, mixin=None, verb_parser=<colcon_mixin.mixin.mixin_argument.MixinArgumentDecorator object at 0x7fe9bd7604f0>, verb_extension=<colcon_core.verb.build.BuildVerb object at 0x7fe9bd6e9e70>, main=<bound method BuildVerb.main of <colcon_core.verb.build.BuildVerb object at 0x7fe9bd6e9e70>>, mixin_verb=('build',))
[0.446s] Level 1:colcon.colcon_core.package_discovery:discover_packages(colcon_meta) check parameters
[0.446s] Level 1:colcon.colcon_core.package_discovery:discover_packages(recursive) check parameters
[0.447s] Level 1:colcon.colcon_core.package_discovery:discover_packages(ignore) check parameters
[0.447s] Level 1:colcon.colcon_core.package_discovery:discover_packages(path) check parameters
[0.447s] Level 1:colcon.colcon_core.package_discovery:discover_packages(colcon_meta) discover
[0.447s] Level 1:colcon.colcon_core.package_discovery:discover_packages(recursive) discover
[0.447s] INFO:colcon.colcon_core.package_discovery:Crawling recursively for packages in '/home/cande/turtlebot3_ws/src/turtlebot3_slam_mapper'
[0.447s] Level 1:colcon.colcon_core.package_identification:_identify(.) by extensions ['ignore', 'ignore_ament_install']
[0.447s] Level 1:colcon.colcon_core.package_identification:_identify(.) by extension 'ignore'
[0.447s] Level 1:colcon.colcon_core.package_identification:_identify(.) by extension 'ignore_ament_install'
[0.447s] Level 1:colcon.colcon_core.package_identification:_identify(.) by extensions ['colcon_pkg']
[0.447s] Level 1:colcon.colcon_core.package_identification:_identify(.) by extension 'colcon_pkg'
[0.448s] Level 1:colcon.colcon_core.package_identification:_identify(.) by extensions ['colcon_meta']
[0.448s] Level 1:colcon.colcon_core.package_identification:_identify(.) by extension 'colcon_meta'
[0.448s] Level 1:colcon.colcon_core.package_identification:_identify(.) by extensions ['ros']
[0.448s] Level 1:colcon.colcon_core.package_identification:_identify(.) by extension 'ros'
[0.462s] DEBUG:colcon.colcon_core.package_identification:Package '.' with type 'ros.ament_python' and name 'turtlebot3_slam_mapper'
[0.462s] Level 1:colcon.colcon_core.package_discovery:discover_packages(recursive) using defaults
[0.462s] Level 1:colcon.colcon_core.package_discovery:discover_packages(ignore) discover
[0.462s] Level 1:colcon.colcon_core.package_discovery:discover_packages(ignore) using defaults
[0.462s] Level 1:colcon.colcon_core.package_discovery:discover_packages(path) discover
[0.462s] Level 1:colcon.colcon_core.package_discovery:discover_packages(path) using defaults
[0.496s] Level 1:colcon.colcon_core.package_discovery:discover_packages(prefix_path) check parameters
[0.497s] Level 1:colcon.colcon_core.package_discovery:discover_packages(prefix_path) discover
[0.499s] DEBUG:colcon.colcon_installed_package_information.package_discovery:Found 18 installed packages in /home/cande/turtlebot3_ws/install
[0.501s] DEBUG:colcon.colcon_installed_package_information.package_discovery:Found 387 installed packages in /opt/ros/humble
[0.504s] Level 1:colcon.colcon_core.package_discovery:discover_packages(prefix_path) using defaults
[0.565s] Level 5:colcon.colcon_core.verb:set package 'turtlebot3_slam_mapper' build argument 'cmake_args' from command line to 'None'
[0.565s] Level 5:colcon.colcon_core.verb:set package 'turtlebot3_slam_mapper' build argument 'cmake_target' from command line to 'None'
[0.565s] Level 5:colcon.colcon_core.verb:set package 'turtlebot3_slam_mapper' build argument 'cmake_target_skip_unavailable' from command line to 'False'
[0.566s] Level 5:colcon.colcon_core.verb:set package 'turtlebot3_slam_mapper' build argument 'cmake_clean_cache' from command line to 'False'
[0.566s] Level 5:colcon.colcon_core.verb:set package 'turtlebot3_slam_mapper' build argument 'cmake_clean_first' from command line to 'False'
[0.566s] Level 5:colcon.colcon_core.verb:set package 'turtlebot3_slam_mapper' build argument 'cmake_force_configure' from command line to 'False'
[0.566s] Level 5:colcon.colcon_core.verb:set package 'turtlebot3_slam_mapper' build argument 'ament_cmake_args' from command line to 'None'
[0.566s] Level 5:colcon.colcon_core.verb:set package 'turtlebot3_slam_mapper' build argument 'catkin_cmake_args' from command line to 'None'
[0.566s] Level 5:colcon.colcon_core.verb:set package 'turtlebot3_slam_mapper' build argument 'catkin_skip_building_tests' from command line to 'False'
[0.566s] DEBUG:colcon.colcon_core.verb:Building package 'turtlebot3_slam_mapper' with the following arguments: {'ament_cmake_args': None, 'build_base': '/home/cande/turtlebot3_ws/src/turtlebot3_slam_mapper/build/turtlebot3_slam_mapper', 'catkin_cmake_args': None, 'catkin_skip_building_tests': False, 'cmake_args': None, 'cmake_clean_cache': False, 'cmake_clean_first': False, 'cmake_force_configure': False, 'cmake_target': None, 'cmake_target_skip_unavailable': False, 'install_base': '/home/cande/turtlebot3_ws/src/turtlebot3_slam_mapper/install/turtlebot3_slam_mapper', 'merge_install': False, 'path': '/home/cande/turtlebot3_ws/src/turtlebot3_slam_mapper', 'symlink_install': True, 'test_result_base': None}
[0.566s] INFO:colcon.colcon_core.executor:Executing jobs using 'parallel' executor
[0.567s] DEBUG:colcon.colcon_parallel_executor.executor.parallel:run_until_complete
[0.568s] INFO:colcon.colcon_ros.task.ament_python.build:Building ROS package in '/home/cande/turtlebot3_ws/src/turtlebot3_slam_mapper' with build type 'ament_python'
[0.568s] Level 1:colcon.colcon_core.shell:create_environment_hook('turtlebot3_slam_mapper', 'ament_prefix_path')
[0.572s] INFO:colcon.colcon_core.plugin_system:Skipping extension 'colcon_core.shell.bat': Not used on non-Windows systems
[0.572s] INFO:colcon.colcon_core.shell:Creating environment hook '/home/cande/turtlebot3_ws/src/turtlebot3_slam_mapper/install/turtlebot3_slam_mapper/share/turtlebot3_slam_mapper/hook/ament_prefix_path.ps1'
[0.573s] INFO:colcon.colcon_core.shell:Creating environment descriptor '/home/cande/turtlebot3_ws/src/turtlebot3_slam_mapper/install/turtlebot3_slam_mapper/share/turtlebot3_slam_mapper/hook/ament_prefix_path.dsv'
[0.573s] INFO:colcon.colcon_core.shell:Creating environment hook '/home/cande/turtlebot3_ws/src/turtlebot3_slam_mapper/install/turtlebot3_slam_mapper/share/turtlebot3_slam_mapper/hook/ament_prefix_path.sh'
[0.574s] INFO:colcon.colcon_core.shell:Skip shell extension 'powershell' for command environment: Not usable outside of PowerShell
[0.574s] DEBUG:colcon.colcon_core.shell:Skip shell extension 'dsv' for command environment
[0.907s] INFO:colcon.colcon_core.task.python.build:Building Python package in '/home/cande/turtlebot3_ws/src/turtlebot3_slam_mapper'
[0.907s] INFO:colcon.colcon_core.shell:Skip shell extension 'powershell' for command environment: Not usable outside of PowerShell
[0.907s] DEBUG:colcon.colcon_core.shell:Skip shell extension 'dsv' for command environment
[2.352s] DEBUG:colcon.colcon_core.event_handler.log_command:Invoking command in '/home/cande/turtlebot3_ws/src/turtlebot3_slam_mapper/build/turtlebot3_slam_mapper': PYTHONPATH=/home/cande/turtlebot3_ws/src/turtlebot3_slam_mapper/build/turtlebot3_slam_mapper/prefix_override:/usr/lib/python3/dist-packages/colcon_core/task/python/colcon_distutils_commands:/home/cande/turtlebot3_ws/src/turtlebot3_slam_mapper/install/turtlebot3_slam_mapper/lib/python3.10/site-packages:${PYTHONPATH} /usr/bin/python3 -W ignore:setup.py install is deprecated -W ignore:easy_install command is deprecated setup.py develop --editable --build-directory /home/cande/turtlebot3_ws/src/turtlebot3_slam_mapper/build/turtlebot3_slam_mapper/build --no-deps symlink_data
[2.836s] Level 1:colcon.colcon_core.shell:create_environment_hook('turtlebot3_slam_mapper', 'pythonpath_develop')
[2.837s] INFO:colcon.colcon_core.shell:Creating environment hook '/home/cande/turtlebot3_ws/src/turtlebot3_slam_mapper/build/turtlebot3_slam_mapper/share/turtlebot3_slam_mapper/hook/pythonpath_develop.ps1'
[2.837s] DEBUG:colcon.colcon_core.event_handler.log_command:Invoked command in '/home/cande/turtlebot3_ws/src/turtlebot3_slam_mapper/build/turtlebot3_slam_mapper' returned '0': PYTHONPATH=/home/cande/turtlebot3_ws/src/turtlebot3_slam_mapper/build/turtlebot3_slam_mapper/prefix_override:/usr/lib/python3/dist-packages/colcon_core/task/python/colcon_distutils_commands:/home/cande/turtlebot3_ws/src/turtlebot3_slam_mapper/install/turtlebot3_slam_mapper/lib/python3.10/site-packages:${PYTHONPATH} /usr/bin/python3 -W ignore:setup.py install is deprecated -W ignore:easy_install command is deprecated setup.py develop --editable --build-directory /home/cande/turtlebot3_ws/src/turtlebot3_slam_mapper/build/turtlebot3_slam_mapper/build --no-deps symlink_data
[2.838s] INFO:colcon.colcon_core.shell:Creating environment descriptor '/home/cande/turtlebot3_ws/src/turtlebot3_slam_mapper/build/turtlebot3_slam_mapper/share/turtlebot3_slam_mapper/hook/pythonpath_develop.dsv'
[2.838s] INFO:colcon.colcon_core.shell:Creating environment hook '/home/cande/turtlebot3_ws/src/turtlebot3_slam_mapper/build/turtlebot3_slam_mapper/share/turtlebot3_slam_mapper/hook/pythonpath_develop.sh'
[2.841s] Level 1:colcon.colcon_core.environment:checking '/home/cande/turtlebot3_ws/src/turtlebot3_slam_mapper/install/turtlebot3_slam_mapper' for CMake module files
[2.841s] Level 1:colcon.colcon_core.environment:checking '/home/cande/turtlebot3_ws/src/turtlebot3_slam_mapper/install/turtlebot3_slam_mapper' for CMake config files
[2.841s] Level 1:colcon.colcon_core.environment:checking '/home/cande/turtlebot3_ws/src/turtlebot3_slam_mapper/install/turtlebot3_slam_mapper/lib'
[2.842s] Level 1:colcon.colcon_core.environment:checking '/home/cande/turtlebot3_ws/src/turtlebot3_slam_mapper/install/turtlebot3_slam_mapper/bin'
[2.842s] Level 1:colcon.colcon_core.environment:checking '/home/cande/turtlebot3_ws/src/turtlebot3_slam_mapper/install/turtlebot3_slam_mapper/lib/pkgconfig/turtlebot3_slam_mapper.pc'
[2.842s] Level 1:colcon.colcon_core.environment:checking '/home/cande/turtlebot3_ws/src/turtlebot3_slam_mapper/install/turtlebot3_slam_mapper/lib/python3.10/site-packages'
[2.842s] Level 1:colcon.colcon_core.shell:create_environment_hook('turtlebot3_slam_mapper', 'pythonpath')
[2.842s] INFO:colcon.colcon_core.shell:Creating environment hook '/home/cande/turtlebot3_ws/src/turtlebot3_slam_mapper/install/turtlebot3_slam_mapper/share/turtlebot3_slam_mapper/hook/pythonpath.ps1'
[2.843s] INFO:colcon.colcon_core.shell:Creating environment descriptor '/home/cande/turtlebot3_ws/src/turtlebot3_slam_mapper/install/turtlebot3_slam_mapper/share/turtlebot3_slam_mapper/hook/pythonpath.dsv'
[2.843s] INFO:colcon.colcon_core.shell:Creating environment hook '/home/cande/turtlebot3_ws/src/turtlebot3_slam_mapper/install/turtlebot3_slam_mapper/share/turtlebot3_slam_mapper/hook/pythonpath.sh'
[2.844s] Level 1:colcon.colcon_core.environment:checking '/home/cande/turtlebot3_ws/src/turtlebot3_slam_mapper/install/turtlebot3_slam_mapper/bin'
[2.844s] Level 1:colcon.colcon_core.environment:create_environment_scripts_only(turtlebot3_slam_mapper)
[2.844s] INFO:colcon.colcon_core.shell:Creating package script '/home/cande/turtlebot3_ws/src/turtlebot3_slam_mapper/install/turtlebot3_slam_mapper/share/turtlebot3_slam_mapper/package.ps1'
[2.845s] INFO:colcon.colcon_core.shell:Creating package descriptor '/home/cande/turtlebot3_ws/src/turtlebot3_slam_mapper/install/turtlebot3_slam_mapper/share/turtlebot3_slam_mapper/package.dsv'
[2.846s] INFO:colcon.colcon_core.shell:Creating package script '/home/cande/turtlebot3_ws/src/turtlebot3_slam_mapper/install/turtlebot3_slam_mapper/share/turtlebot3_slam_mapper/package.sh'
[2.846s] INFO:colcon.colcon_core.shell:Creating package script '/home/cande/turtlebot3_ws/src/turtlebot3_slam_mapper/install/turtlebot3_slam_mapper/share/turtlebot3_slam_mapper/package.bash'
[2.847s] INFO:colcon.colcon_core.shell:Creating package script '/home/cande/turtlebot3_ws/src/turtlebot3_slam_mapper/install/turtlebot3_slam_mapper/share/turtlebot3_slam_mapper/package.zsh'
[2.848s] Level 1:colcon.colcon_core.environment:create_file_with_runtime_dependencies(/home/cande/turtlebot3_ws/src/turtlebot3_slam_mapper/install/turtlebot3_slam_mapper/share/colcon-core/packages/turtlebot3_slam_mapper)
[2.848s] DEBUG:colcon.colcon_parallel_executor.executor.parallel:closing loop
[2.849s] DEBUG:colcon.colcon_parallel_executor.executor.parallel:loop closed
[2.849s] DEBUG:colcon.colcon_parallel_executor.executor.parallel:run_until_complete finished with '0'
[2.850s] DEBUG:colcon.colcon_core.event_reactor:joining thread
[2.892s] INFO:colcon.colcon_core.plugin_system:Skipping extension 'colcon_notification.desktop_notification.notify_send': Could not find 'notify-send'
[2.892s] INFO:colcon.colcon_core.plugin_system:Skipping extension 'colcon_notification.desktop_notification.terminal_notifier': Not used on non-Darwin systems
[2.892s] INFO:colcon.colcon_core.plugin_system:Skipping extension 'colcon_notification.desktop_notification.win32': Not used on non-Windows systems
[2.893s] INFO:colcon.colcon_notification.desktop_notification:Sending desktop notification using 'notify2'
[2.893s] DEBUG:colcon.colcon_notification.desktop_notification.notify2:Failed to initialize notify2: org.freedesktop.DBus.Error.FileNotFound: Failed to connect to socket /run/user/1000/bus: No such file or directory
[2.893s] DEBUG:colcon.colcon_core.event_reactor:joined thread
[2.893s] INFO:colcon.colcon_core.shell:Creating prefix script '/home/cande/turtlebot3_ws/src/turtlebot3_slam_mapper/install/local_setup.ps1'
[2.894s] INFO:colcon.colcon_core.shell:Creating prefix util module '/home/cande/turtlebot3_ws/src/turtlebot3_slam_mapper/install/_local_setup_util_ps1.py'
[2.895s] INFO:colcon.colcon_core.shell:Creating prefix chain script '/home/cande/turtlebot3_ws/src/turtlebot3_slam_mapper/install/setup.ps1'
[2.897s] INFO:colcon.colcon_core.shell:Creating prefix script '/home/cande/turtlebot3_ws/src/turtlebot3_slam_mapper/install/local_setup.sh'
[2.898s] INFO:colcon.colcon_core.shell:Creating prefix util module '/home/cande/turtlebot3_ws/src/turtlebot3_slam_mapper/install/_local_setup_util_sh.py'
[2.898s] INFO:colcon.colcon_core.shell:Creating prefix chain script '/home/cande/turtlebot3_ws/src/turtlebot3_slam_mapper/install/setup.sh'
[2.900s] INFO:colcon.colcon_core.shell:Creating prefix script '/home/cande/turtlebot3_ws/src/turtlebot3_slam_mapper/install/local_setup.bash'
[2.900s] INFO:colcon.colcon_core.shell:Creating prefix chain script '/home/cande/turtlebot3_ws/src/turtlebot3_slam_mapper/install/setup.bash'
[2.901s] INFO:colcon.colcon_core.shell:Creating prefix script '/home/cande/turtlebot3_ws/src/turtlebot3_slam_mapper/install/local_setup.zsh'
[2.902s] INFO:colcon.colcon_core.shell:Creating prefix chain script '/home/cande/turtlebot3_ws/src/turtlebot3_slam_mapper/install/setup.zsh'
