[0.742s] DEBUG:colcon:Command line arguments: ['/usr/bin/colcon', 'build', '--symlink-install']
[0.742s] DEBUG:colcon:Parsed command line arguments: Namespace(log_base=None, log_level=None, verb_name='build', build_base='build', install_base='install', merge_install=False, symlink_install=True, test_result_base=None, continue_on_error=False, executor='parallel', parallel_workers=16, event_handlers=None, ignore_user_meta=False, metas=['./colcon.meta'], base_paths=['.'], packages_ignore=None, packages_ignore_regex=None, paths=None, packages_up_to=None, packages_up_to_regex=None, packages_above=None, packages_above_and_dependencies=None, packages_above_depth=None, packages_select_by_dep=None, packages_skip_by_dep=None, packages_skip_up_to=None, packages_select_build_failed=False, packages_skip_build_finished=False, packages_select_test_failures=False, packages_skip_test_passed=False, packages_select=None, packages_skip=None, packages_select_regex=None, packages_skip_regex=None, packages_start=None, packages_end=None, allow_overriding=[], cmake_args=None, cmake_target=None, cmake_target_skip_unavailable=False, cmake_clean_cache=False, cmake_clean_first=False, cmake_force_configure=False, ament_cmake_args=None, catkin_cmake_args=None, catkin_skip_building_tests=False, mixin_files=None, mixin=None, verb_parser=<colcon_mixin.mixin.mixin_argument.MixinArgumentDecorator object at 0x7f09e76244f0>, verb_extension=<colcon_core.verb.build.BuildVerb object at 0x7f09e75ade70>, main=<bound method BuildVerb.main of <colcon_core.verb.build.BuildVerb object at 0x7f09e75ade70>>, mixin_verb=('build',))
[1.527s] Level 1:colcon.colcon_core.package_discovery:discover_packages(colcon_meta) check parameters
[1.528s] Level 1:colcon.colcon_core.package_discovery:discover_packages(recursive) check parameters
[1.528s] Level 1:colcon.colcon_core.package_discovery:discover_packages(ignore) check parameters
[1.528s] Level 1:colcon.colcon_core.package_discovery:discover_packages(path) check parameters
[1.528s] Level 1:colcon.colcon_core.package_discovery:discover_packages(colcon_meta) discover
[1.528s] Level 1:colcon.colcon_core.package_discovery:discover_packages(recursive) discover
[1.528s] INFO:colcon.colcon_core.package_discovery:Crawling recursively for packages in '/home/cande/turtlebot3_ws/src/turtlebot3_slam_mapper'
[1.529s] Level 1:colcon.colcon_core.package_identification:_identify(.) by extensions ['ignore', 'ignore_ament_install']
[1.530s] Level 1:colcon.colcon_core.package_identification:_identify(.) by extension 'ignore'
[1.530s] Level 1:colcon.colcon_core.package_identification:_identify(.) by extension 'ignore_ament_install'
[1.530s] Level 1:colcon.colcon_core.package_identification:_identify(.) by extensions ['colcon_pkg']
[1.530s] Level 1:colcon.colcon_core.package_identification:_identify(.) by extension 'colcon_pkg'
[1.530s] Level 1:colcon.colcon_core.package_identification:_identify(.) by extensions ['colcon_meta']
[1.530s] Level 1:colcon.colcon_core.package_identification:_identify(.) by extension 'colcon_meta'
[1.531s] Level 1:colcon.colcon_core.package_identification:_identify(.) by extensions ['ros']
[1.531s] Level 1:colcon.colcon_core.package_identification:_identify(.) by extension 'ros'
[1.569s] DEBUG:colcon.colcon_core.package_identification:Package '.' with type 'ros.ament_python' and name 'turtlebot3_slam_mapper'
[1.569s] Level 1:colcon.colcon_core.package_discovery:discover_packages(recursive) using defaults
[1.569s] Level 1:colcon.colcon_core.package_discovery:discover_packages(ignore) discover
[1.570s] Level 1:colcon.colcon_core.package_discovery:discover_packages(ignore) using defaults
[1.570s] Level 1:colcon.colcon_core.package_discovery:discover_packages(path) discover
[1.570s] Level 1:colcon.colcon_core.package_discovery:discover_packages(path) using defaults
[1.652s] Level 1:colcon.colcon_core.package_discovery:discover_packages(prefix_path) check parameters
[1.653s] Level 1:colcon.colcon_core.package_discovery:discover_packages(prefix_path) discover
[1.673s] DEBUG:colcon.colcon_installed_package_information.package_discovery:Found 17 installed packages in /home/cande/turtlebot3_ws/install
[1.680s] DEBUG:colcon.colcon_installed_package_information.package_discovery:Found 387 installed packages in /opt/ros/humble
[1.687s] Level 1:colcon.colcon_core.package_discovery:discover_packages(prefix_path) using defaults
[1.985s] Level 5:colcon.colcon_core.verb:set package 'turtlebot3_slam_mapper' build argument 'cmake_args' from command line to 'None'
[1.985s] Level 5:colcon.colcon_core.verb:set package 'turtlebot3_slam_mapper' build argument 'cmake_target' from command line to 'None'
[1.985s] Level 5:colcon.colcon_core.verb:set package 'turtlebot3_slam_mapper' build argument 'cmake_target_skip_unavailable' from command line to 'False'
[1.985s] Level 5:colcon.colcon_core.verb:set package 'turtlebot3_slam_mapper' build argument 'cmake_clean_cache' from command line to 'False'
[1.985s] Level 5:colcon.colcon_core.verb:set package 'turtlebot3_slam_mapper' build argument 'cmake_clean_first' from command line to 'False'
[1.986s] Level 5:colcon.colcon_core.verb:set package 'turtlebot3_slam_mapper' build argument 'cmake_force_configure' from command line to 'False'
[1.986s] Level 5:colcon.colcon_core.verb:set package 'turtlebot3_slam_mapper' build argument 'ament_cmake_args' from command line to 'None'
[1.986s] Level 5:colcon.colcon_core.verb:set package 'turtlebot3_slam_mapper' build argument 'catkin_cmake_args' from command line to 'None'
[1.986s] Level 5:colcon.colcon_core.verb:set package 'turtlebot3_slam_mapper' build argument 'catkin_skip_building_tests' from command line to 'False'
[1.986s] DEBUG:colcon.colcon_core.verb:Building package 'turtlebot3_slam_mapper' with the following arguments: {'ament_cmake_args': None, 'build_base': '/home/cande/turtlebot3_ws/src/turtlebot3_slam_mapper/build/turtlebot3_slam_mapper', 'catkin_cmake_args': None, 'catkin_skip_building_tests': False, 'cmake_args': None, 'cmake_clean_cache': False, 'cmake_clean_first': False, 'cmake_force_configure': False, 'cmake_target': None, 'cmake_target_skip_unavailable': False, 'install_base': '/home/cande/turtlebot3_ws/src/turtlebot3_slam_mapper/install/turtlebot3_slam_mapper', 'merge_install': False, 'path': '/home/cande/turtlebot3_ws/src/turtlebot3_slam_mapper', 'symlink_install': True, 'test_result_base': None}
[1.986s] INFO:colcon.colcon_core.executor:Executing jobs using 'parallel' executor
[1.988s] DEBUG:colcon.colcon_parallel_executor.executor.parallel:run_until_complete
[1.989s] INFO:colcon.colcon_ros.task.ament_python.build:Building ROS package in '/home/cande/turtlebot3_ws/src/turtlebot3_slam_mapper' with build type 'ament_python'
[1.990s] Level 1:colcon.colcon_core.shell:create_environment_hook('turtlebot3_slam_mapper', 'ament_prefix_path')
[2.002s] INFO:colcon.colcon_core.plugin_system:Skipping extension 'colcon_core.shell.bat': Not used on non-Windows systems
[2.003s] INFO:colcon.colcon_core.shell:Creating environment hook '/home/cande/turtlebot3_ws/src/turtlebot3_slam_mapper/install/turtlebot3_slam_mapper/share/turtlebot3_slam_mapper/hook/ament_prefix_path.ps1'
[2.010s] INFO:colcon.colcon_core.shell:Creating environment descriptor '/home/cande/turtlebot3_ws/src/turtlebot3_slam_mapper/install/turtlebot3_slam_mapper/share/turtlebot3_slam_mapper/hook/ament_prefix_path.dsv'
[2.012s] INFO:colcon.colcon_core.shell:Creating environment hook '/home/cande/turtlebot3_ws/src/turtlebot3_slam_mapper/install/turtlebot3_slam_mapper/share/turtlebot3_slam_mapper/hook/ament_prefix_path.sh'
[2.015s] INFO:colcon.colcon_core.shell:Skip shell extension 'powershell' for command environment: Not usable outside of PowerShell
[2.015s] DEBUG:colcon.colcon_core.shell:Skip shell extension 'dsv' for command environment
[2.586s] INFO:colcon.colcon_core.task.python.build:Building Python package in '/home/cande/turtlebot3_ws/src/turtlebot3_slam_mapper'
[2.587s] INFO:colcon.colcon_core.shell:Skip shell extension 'powershell' for command environment: Not usable outside of PowerShell
[2.587s] DEBUG:colcon.colcon_core.shell:Skip shell extension 'dsv' for command environment
[3.847s] DEBUG:colcon.colcon_core.event_handler.log_command:Invoking command in '/home/cande/turtlebot3_ws/src/turtlebot3_slam_mapper/build/turtlebot3_slam_mapper': PYTHONPATH=/home/cande/turtlebot3_ws/src/turtlebot3_slam_mapper/build/turtlebot3_slam_mapper/prefix_override:/usr/lib/python3/dist-packages/colcon_core/task/python/colcon_distutils_commands:/home/cande/turtlebot3_ws/src/turtlebot3_slam_mapper/install/turtlebot3_slam_mapper/lib/python3.10/site-packages:${PYTHONPATH} /usr/bin/python3 -W ignore:setup.py install is deprecated -W ignore:easy_install command is deprecated setup.py develop --editable --build-directory /home/cande/turtlebot3_ws/src/turtlebot3_slam_mapper/build/turtlebot3_slam_mapper/build --no-deps symlink_data
[5.045s] Level 1:colcon.colcon_core.shell:create_environment_hook('turtlebot3_slam_mapper', 'pythonpath_develop')
[5.046s] INFO:colcon.colcon_core.shell:Creating environment hook '/home/cande/turtlebot3_ws/src/turtlebot3_slam_mapper/build/turtlebot3_slam_mapper/share/turtlebot3_slam_mapper/hook/pythonpath_develop.ps1'
[5.047s] DEBUG:colcon.colcon_core.event_handler.log_command:Invoked command in '/home/cande/turtlebot3_ws/src/turtlebot3_slam_mapper/build/turtlebot3_slam_mapper' returned '0': PYTHONPATH=/home/cande/turtlebot3_ws/src/turtlebot3_slam_mapper/build/turtlebot3_slam_mapper/prefix_override:/usr/lib/python3/dist-packages/colcon_core/task/python/colcon_distutils_commands:/home/cande/turtlebot3_ws/src/turtlebot3_slam_mapper/install/turtlebot3_slam_mapper/lib/python3.10/site-packages:${PYTHONPATH} /usr/bin/python3 -W ignore:setup.py install is deprecated -W ignore:easy_install command is deprecated setup.py develop --editable --build-directory /home/cande/turtlebot3_ws/src/turtlebot3_slam_mapper/build/turtlebot3_slam_mapper/build --no-deps symlink_data
[5.050s] INFO:colcon.colcon_core.shell:Creating environment descriptor '/home/cande/turtlebot3_ws/src/turtlebot3_slam_mapper/build/turtlebot3_slam_mapper/share/turtlebot3_slam_mapper/hook/pythonpath_develop.dsv'
[5.050s] INFO:colcon.colcon_core.shell:Creating environment hook '/home/cande/turtlebot3_ws/src/turtlebot3_slam_mapper/build/turtlebot3_slam_mapper/share/turtlebot3_slam_mapper/hook/pythonpath_develop.sh'
[5.064s] Level 1:colcon.colcon_core.environment:checking '/home/cande/turtlebot3_ws/src/turtlebot3_slam_mapper/install/turtlebot3_slam_mapper' for CMake module files
[5.065s] Level 1:colcon.colcon_core.environment:checking '/home/cande/turtlebot3_ws/src/turtlebot3_slam_mapper/install/turtlebot3_slam_mapper' for CMake config files
[5.066s] Level 1:colcon.colcon_core.environment:checking '/home/cande/turtlebot3_ws/src/turtlebot3_slam_mapper/install/turtlebot3_slam_mapper/lib'
[5.066s] Level 1:colcon.colcon_core.environment:checking '/home/cande/turtlebot3_ws/src/turtlebot3_slam_mapper/install/turtlebot3_slam_mapper/bin'
[5.067s] Level 1:colcon.colcon_core.environment:checking '/home/cande/turtlebot3_ws/src/turtlebot3_slam_mapper/install/turtlebot3_slam_mapper/lib/pkgconfig/turtlebot3_slam_mapper.pc'
[5.067s] Level 1:colcon.colcon_core.environment:checking '/home/cande/turtlebot3_ws/src/turtlebot3_slam_mapper/install/turtlebot3_slam_mapper/lib/python3.10/site-packages'
[5.067s] Level 1:colcon.colcon_core.shell:create_environment_hook('turtlebot3_slam_mapper', 'pythonpath')
[5.068s] INFO:colcon.colcon_core.shell:Creating environment hook '/home/cande/turtlebot3_ws/src/turtlebot3_slam_mapper/install/turtlebot3_slam_mapper/share/turtlebot3_slam_mapper/hook/pythonpath.ps1'
[5.069s] INFO:colcon.colcon_core.shell:Creating environment descriptor '/home/cande/turtlebot3_ws/src/turtlebot3_slam_mapper/install/turtlebot3_slam_mapper/share/turtlebot3_slam_mapper/hook/pythonpath.dsv'
[5.070s] INFO:colcon.colcon_core.shell:Creating environment hook '/home/cande/turtlebot3_ws/src/turtlebot3_slam_mapper/install/turtlebot3_slam_mapper/share/turtlebot3_slam_mapper/hook/pythonpath.sh'
[5.071s] Level 1:colcon.colcon_core.environment:checking '/home/cande/turtlebot3_ws/src/turtlebot3_slam_mapper/install/turtlebot3_slam_mapper/bin'
[5.071s] Level 1:colcon.colcon_core.environment:create_environment_scripts_only(turtlebot3_slam_mapper)
[5.072s] INFO:colcon.colcon_core.shell:Creating package script '/home/cande/turtlebot3_ws/src/turtlebot3_slam_mapper/install/turtlebot3_slam_mapper/share/turtlebot3_slam_mapper/package.ps1'
[5.074s] INFO:colcon.colcon_core.shell:Creating package descriptor '/home/cande/turtlebot3_ws/src/turtlebot3_slam_mapper/install/turtlebot3_slam_mapper/share/turtlebot3_slam_mapper/package.dsv'
[5.076s] INFO:colcon.colcon_core.shell:Creating package script '/home/cande/turtlebot3_ws/src/turtlebot3_slam_mapper/install/turtlebot3_slam_mapper/share/turtlebot3_slam_mapper/package.sh'
[5.078s] INFO:colcon.colcon_core.shell:Creating package script '/home/cande/turtlebot3_ws/src/turtlebot3_slam_mapper/install/turtlebot3_slam_mapper/share/turtlebot3_slam_mapper/package.bash'
[5.080s] INFO:colcon.colcon_core.shell:Creating package script '/home/cande/turtlebot3_ws/src/turtlebot3_slam_mapper/install/turtlebot3_slam_mapper/share/turtlebot3_slam_mapper/package.zsh'
[5.082s] Level 1:colcon.colcon_core.environment:create_file_with_runtime_dependencies(/home/cande/turtlebot3_ws/src/turtlebot3_slam_mapper/install/turtlebot3_slam_mapper/share/colcon-core/packages/turtlebot3_slam_mapper)
[5.084s] DEBUG:colcon.colcon_parallel_executor.executor.parallel:closing loop
[5.086s] DEBUG:colcon.colcon_parallel_executor.executor.parallel:loop closed
[5.086s] DEBUG:colcon.colcon_parallel_executor.executor.parallel:run_until_complete finished with '0'
[5.086s] DEBUG:colcon.colcon_core.event_reactor:joining thread
[5.234s] INFO:colcon.colcon_core.plugin_system:Skipping extension 'colcon_notification.desktop_notification.notify_send': Could not find 'notify-send'
[5.234s] INFO:colcon.colcon_core.plugin_system:Skipping extension 'colcon_notification.desktop_notification.terminal_notifier': Not used on non-Darwin systems
[5.234s] INFO:colcon.colcon_core.plugin_system:Skipping extension 'colcon_notification.desktop_notification.win32': Not used on non-Windows systems
[5.234s] INFO:colcon.colcon_notification.desktop_notification:Sending desktop notification using 'notify2'
[5.235s] DEBUG:colcon.colcon_notification.desktop_notification.notify2:Failed to initialize notify2: org.freedesktop.DBus.Error.FileNotFound: Failed to connect to socket /run/user/1000/bus: No such file or directory
[5.235s] DEBUG:colcon.colcon_core.event_reactor:joined thread
[5.236s] INFO:colcon.colcon_core.shell:Creating prefix script '/home/cande/turtlebot3_ws/src/turtlebot3_slam_mapper/install/local_setup.ps1'
[5.240s] INFO:colcon.colcon_core.shell:Creating prefix util module '/home/cande/turtlebot3_ws/src/turtlebot3_slam_mapper/install/_local_setup_util_ps1.py'
[5.243s] INFO:colcon.colcon_core.shell:Creating prefix chain script '/home/cande/turtlebot3_ws/src/turtlebot3_slam_mapper/install/setup.ps1'
[5.246s] INFO:colcon.colcon_core.shell:Creating prefix script '/home/cande/turtlebot3_ws/src/turtlebot3_slam_mapper/install/local_setup.sh'
[5.249s] INFO:colcon.colcon_core.shell:Creating prefix util module '/home/cande/turtlebot3_ws/src/turtlebot3_slam_mapper/install/_local_setup_util_sh.py'
[5.251s] INFO:colcon.colcon_core.shell:Creating prefix chain script '/home/cande/turtlebot3_ws/src/turtlebot3_slam_mapper/install/setup.sh'
[5.254s] INFO:colcon.colcon_core.shell:Creating prefix script '/home/cande/turtlebot3_ws/src/turtlebot3_slam_mapper/install/local_setup.bash'
[5.256s] INFO:colcon.colcon_core.shell:Creating prefix chain script '/home/cande/turtlebot3_ws/src/turtlebot3_slam_mapper/install/setup.bash'
[5.260s] INFO:colcon.colcon_core.shell:Creating prefix script '/home/cande/turtlebot3_ws/src/turtlebot3_slam_mapper/install/local_setup.zsh'
[5.262s] INFO:colcon.colcon_core.shell:Creating prefix chain script '/home/cande/turtlebot3_ws/src/turtlebot3_slam_mapper/install/setup.zsh'
